<?xml version="1.0" encoding="UTF-8"?>
<!-- Generated by org.testng.reporters.JUnitReportReporter -->
<testsuite name="com.venkat_ajio.tests.AjioProductOrderSteps" tests="1" time="45.754" ignored="0" failures="0" timestamp="22 Jan 2018 09:29:28 GMT" skipped="0" hostname="ICPL12225" errors="0">
  <testcase name="testProductOrderSteps" time="45.754" classname="com.venkat_ajio.tests.AjioProductOrderSteps"/>
</testsuite> <!-- com.venkat_ajio.tests.AjioProductOrderSteps -->
